<?xml version="1.0" encoding="UTF-8"?>
<!-- Generated by org.testng.reporters.JUnitReportReporter -->
<testsuite hostname="DESKTOP-TBIFUQ1" failures="0" tests="2" name="com.qa.opencart.tests.RegisterPageTest" time="62.871" errors="0" timestamp="2024-01-01T02:13:31 PST" skipped="0">
  <testcase classname="com.qa.opencart.tests.RegisterPageTest" name="userRegTest" time="27.250"/>
  <testcase classname="com.qa.opencart.tests.RegisterPageTest" name="userRegTest" time="35.621"/>
</testsuite> <!-- com.qa.opencart.tests.RegisterPageTest -->
