<?xml version="1.0" encoding="UTF-8"?>
<!-- Generated by org.testng.reporters.JUnitReportReporter -->
<testsuite hostname="DESKTOP-TBIFUQ1" failures="0" tests="1" name="com.qa.opencart.tests.a" time="11.949" errors="0" timestamp="2023-12-18T09:28:13 PST" skipped="0">
  <testcase classname="com.qa.opencart.tests.a" name="test" time="11.949"/>
</testsuite> <!-- com.qa.opencart.tests.a -->
